<?xml version="1.0" encoding="UTF-8"?>
<testng-results ignored="0" total="2" passed="2" failed="0" skipped="0">
  <reporter-output>
  </reporter-output>
  <suite started-at="2022-07-04T18:27:20Z" name="Suite1" finished-at="2022-07-04T18:27:20Z" duration-ms="374">
    <groups>
      <group name="cucumber">
        <method signature="AbstractTestNGCucumberTests.runScenario(io.cucumber.testng.PickleWrapper, io.cucumber.testng.FeatureWrapper)[pri:0, instance:com.careerhack.runners.SmokeTestRunner@10f7f7de]" name="runScenario" class="io.cucumber.testng.AbstractTestNGCucumberTests"/>
      </group> <!-- cucumber -->
    </groups>
    <test started-at="2022-07-04T18:27:20Z" name="MajesticMay-SmokeTest" finished-at="2022-07-04T18:27:20Z" duration-ms="374">
      <class name="com.careerhack.runners.SmokeTestRunner">
        <test-method is-config="true" signature="setUpClass(org.testng.ITestContext)[pri:0, instance:com.careerhack.runners.SmokeTestRunner@10f7f7de]" started-at="2022-07-04T18:27:20Z" name="setUpClass" finished-at="2022-07-04T18:27:20Z" duration-ms="233" status="PASS">
          <params>
            <param index="0">
              <value>
                <![CDATA[org.testng.TestRunner@ca27722]]>
              </value>
            </param>
          </params>
          <reporter-output>
          </reporter-output>
        </test-method> <!-- setUpClass -->
        <test-method signature="runScenario(io.cucumber.testng.PickleWrapper, io.cucumber.testng.FeatureWrapper)[pri:0, instance:com.careerhack.runners.SmokeTestRunner@10f7f7de]" started-at="2022-07-04T18:27:20Z" name="runScenario" description="Runs Cucumber Scenarios" data-provider="scenarios" finished-at="2022-07-04T18:27:20Z" duration-ms="90" status="PASS">
          <params>
            <param index="0">
              <value>
                <![CDATA["simple search"]]>
              </value>
            </param>
            <param index="1">
              <value>
                <![CDATA["google search"]]>
              </value>
            </param>
          </params>
          <reporter-output>
          </reporter-output>
        </test-method> <!-- runScenario -->
        <test-method signature="runScenario(io.cucumber.testng.PickleWrapper, io.cucumber.testng.FeatureWrapper)[pri:0, instance:com.careerhack.runners.SmokeTestRunner@10f7f7de]" started-at="2022-07-04T18:27:20Z" name="runScenario" description="Runs Cucumber Scenarios" data-provider="scenarios" finished-at="2022-07-04T18:27:20Z" duration-ms="9" status="PASS">
          <params>
            <param index="0">
              <value>
                <![CDATA["simple search"]]>
              </value>
            </param>
            <param index="1">
              <value>
                <![CDATA["google search"]]>
              </value>
            </param>
          </params>
          <reporter-output>
          </reporter-output>
        </test-method> <!-- runScenario -->
        <test-method is-config="true" signature="tearDownClass()[pri:0, instance:com.careerhack.runners.SmokeTestRunner@10f7f7de]" started-at="2022-07-04T18:27:20Z" name="tearDownClass" finished-at="2022-07-04T18:27:20Z" duration-ms="11" status="PASS">
          <reporter-output>
          </reporter-output>
        </test-method> <!-- tearDownClass -->
      </class> <!-- com.careerhack.runners.SmokeTestRunner -->
    </test> <!-- MajesticMay-SmokeTest -->
  </suite> <!-- Suite1 -->
</testng-results>
